example1
1
2
3
4
5
6
7
8
9
10
11
12
13
14
15
16
17
18
19
20
21
22
23
24
25
26
27
28
29
30
31
32
33
34
35
36
37
38
39
40
41
42
43
44
45
46
47
48
49
50
51
52
53
54
55
56
57
58
59
60
61
62
63
64
65
66
67
68
69
70
71
72
73
74
75
76
77
78
79
80
81
82
83
84
85
86
87
88
89
90
91
92
93
94
95
96
97
98
99
100

example2
Thread-1: 2
Thread-0: 1
Thread-0: 3
Thread-1: 4
Thread-1: 6
Thread-0: 5
Thread-0: 8
Thread-1: 7
Thread-1: 9
Thread-0: 10
Thread-0: 11
Thread-1: 12
Thread-0: 13
Thread-1: 14
Thread-1: 16
Thread-0: 15
Thread-1: 17
Thread-0: 18
Thread-0: 19
Thread-1: 20
Thread-0: 22
Thread-1: 21
Thread-0: 23
Thread-1: 24
Thread-1: 26
Thread-0: 25
Thread-1: 27
Thread-0: 28
Thread-1: 29
Thread-0: 30
Thread-1: 31
Thread-0: 32
Thread-1: 33
Thread-0: 34
Thread-1: 35
Thread-0: 36
Thread-1: 37
Thread-0: 38
Thread-1: 39
Thread-0: 40
Thread-1: 41
Thread-0: 42
Thread-1: 43
Thread-0: 44
Thread-1: 45
Thread-0: 46
Thread-1: 47
Thread-0: 48
Thread-1: 49
Thread-0: 50
Thread-1: 51
Thread-0: 52
Thread-1: 53
Thread-0: 54
Thread-1: 55
Thread-0: 56
Thread-1: 57
Thread-0: 58
Thread-1: 59
Thread-0: 60
Thread-1: 61
Thread-0: 62
Thread-1: 63
Thread-0: 64
Thread-1: 65
Thread-0: 66
Thread-1: 67
Thread-0: 68
Thread-1: 69
Thread-0: 70
Thread-1: 71
Thread-0: 72
Thread-1: 73
Thread-0: 74
Thread-1: 75
Thread-0: 76
Thread-1: 77
Thread-0: 78
Thread-1: 79
Thread-0: 80
Thread-1: 81
Thread-0: 82
Thread-1: 83
Thread-0: 84
Thread-1: 85
Thread-0: 86
Thread-1: 87
Thread-0: 88
Thread-1: 89
Thread-0: 90
Thread-1: 91
Thread-0: 92
Thread-0: 93
Thread-1: 94
Thread-0: 95
Thread-1: 96
Thread-0: 97
Thread-1: 98
Thread-0: 99
Thread-1: 100
