
Print usual methods:
printCarsPriceRange:
Car [make=Mitsubishi, model=Lancer, color=White, price=20000]
printCarsByColor:
Car [make=Honda, model=Accord, color=Red, price=22300]
Car [make=Jeep, model=Wrangler, color=Red, price=24500]

print nestedObjects:
printCarsPriceRange:
Car [make=Mitsubishi, model=Lancer, color=White, price=20000]
printCarsByColor:
Car [make=Honda, model=Accord, color=Red, price=22300]
Car [make=Jeep, model=Wrangler, color=Red, price=24500]

Print LambdaExpressions:
printCarsPriceRange:
Car [make=Mitsubishi, model=Lancer, color=White, price=20000]
printCarsByColor:
Car [make=Honda, model=Accord, color=Red, price=22300]
Car [make=Jeep, model=Wrangler, color=Red, price=24500]

Print Lambda with generic FI:
printCarsPriceRange:
Car [make=Mitsubishi, model=Lancer, color=White, price=20000]
printCarsByColor:
Car [make=Honda, model=Accord, color=Red, price=22300]
Car [make=Jeep, model=Wrangler, color=Red, price=24500]

Print Lambda using predicat:
printCarsPriceRange:
Car [make=Mitsubishi, model=Lancer, color=White, price=20000]
printCarsByColor:
Car [make=Honda, model=Accord, color=Red, price=22300]
Car [make=Jeep, model=Wrangler, color=Red, price=24500]

`Using Function:
price= 22300 color =Red
