example1
1
2
3
4
5
6
7
8
9
10
11
12
13
14
15
16
17
18
19
20
21
22
23
24
25
26
27
28
29
30
31
32
33
34
35
36
37
38
39
40
41
42
43
44
45
46
47
48
49
50
51
52
53
54
55
56
57
58
59
60
61
62
63
64
65
66
67
68
69
70
71
72
73
74
75
76
77
78
79
80
81
82
83
84
85
86
87
88
89
90
91
92
93
94
95
96
97
98
99
100

example2
Thread-1: 2
Thread-0: 1
Thread-1: 3
Thread-0: 4
Thread-1: 6
Thread-0: 5
Thread-1: 8
Thread-0: 7
Thread-0: 9
Thread-1: 10
Thread-1: 12
Thread-0: 11
Thread-0: 14
Thread-1: 13
Thread-0: 15
Thread-1: 16
Thread-0: 17
Thread-1: 18
Thread-0: 19
Thread-1: 20
Thread-0: 21
Thread-1: 22
Thread-0: 23
Thread-1: 24
Thread-0: 25
Thread-1: 26
Thread-0: 27
Thread-1: 28
Thread-0: 29
Thread-1: 30
Thread-0: 31
Thread-1: 32
Thread-0: 33
Thread-1: 34
Thread-0: 35
Thread-1: 36
Thread-0: 37
Thread-1: 38
Thread-1: 40
Thread-0: 39
Thread-0: 41
Thread-1: 42
Thread-0: 44
Thread-1: 43
Thread-0: 45
Thread-1: 46
Thread-1: 47
Thread-0: 48
Thread-1: 50
Thread-0: 49
Thread-1: 51
Thread-0: 52
Thread-1: 53
Thread-0: 54
Thread-1: 55
Thread-0: 56
Thread-1: 57
Thread-0: 58
Thread-1: 60
Thread-0: 59
Thread-0: 61
Thread-1: 62
Thread-1: 64
Thread-0: 63
Thread-1: 65
Thread-0: 66
Thread-1: 67
Thread-0: 68
Thread-1: 69
Thread-0: 70
Thread-1: 71
Thread-0: 72
Thread-1: 73
Thread-0: 74
Thread-1: 75
Thread-0: 76
Thread-0: 77
Thread-1: 78
Thread-0: 79
Thread-1: 80
Thread-1: 82
Thread-0: 81
Thread-0: 83
Thread-1: 84
Thread-0: 85
Thread-1: 86
Thread-0: 87
Thread-1: 88
Thread-0: 89
Thread-1: 90
Thread-0: 91
Thread-1: 92
Thread-0: 93
Thread-1: 94
Thread-0: 95
Thread-1: 96
Thread-0: 97
Thread-1: 98
Thread-0: 99
Thread-1: 100
