example1
Hi, there!
MainNumber: 0
MainNumber: 1
MainNumber: 2
MainNumber: 3
MainNumber: 4
MainNumber: 5
MainNumber: 6
MainNumber: 7
MainNumber: 8
MainNumber: 9

example2
Hi, there!
Number2.1: 0

exampleException
Number2.2: 0
Number2.2: 1
Hi, there!
Number2.2: 2
NumberEx: 0
Number2.2: 3
NumberEx: 1
NumberEx: 2
NumberEx: 3
Number2.2: 4
Number1: 0
Number2.1: 1
NumberEx: 4
Number2.2: 5
Number1: 1
NumberEx: 5
Number2.2: 6
Number2.1: 2
NumberEx: 6
Number2.2: 7
Number1: 2
Number2.1: 3
NumberEx: 7
Number2.2: 8
Number1: 3
Number2.2: 9
java.lang.IllegalThreadStateException
Number2.1: 4
Number1: 4
NumberEx: 8
Number2.1: 5
Number1: 5
NumberEx: 9
Number2.1: 6
Number1: 6
Number2.1: 7
Number1: 7
Number2.1: 8
Number1: 8
Number2.1: 9
Number1: 9
