example1 - HashMap
Brilliant -> exceptionally clever or talented.
Joy -> a feeling of great pleasure and happiness.
Confidence -> the feeling or belief that one can rely on someone or something; firm trust.
Brave -> ready to face and endure danger or pain; showing courage.

example2 - LinkedHashMap
Brave -> ready to face and endure danger or pain; showing courage.
Brilliant -> exceptionally clever or talented.
Joy -> a feeling of great pleasure and happiness.
Confidence -> the feeling or belief that one can rely on someone or something; firm trust.

example3 - entrySet
Brilliant
exceptionally clever or talented.
Joy
a feeling of great pleasure and happiness.
Confidence
the feeling or belief that one can rely on someone or something; firm trust.
Brave
ready to face and endure danger or pain; showing courage.

example4 - TreeMap
Brave
ready to face and endure danger or pain; showing courage.
Brilliant
exceptionally clever or talented.
Confidence
the feeling or belief that one can rely on someone or something; firm trust.
Joy
a feeling of great pleasure and happiness.
